Start testing: Feb 28 20:27 EST
----------------------------------------------------------
8/15 Testing: ConformalSafetyTests
8/15 Test: ConformalSafetyTests
Command: "/home/stephen/PyMPC/cpp_mpc/build/test_conformal_safety"
Directory: /home/stephen/PyMPC/cpp_mpc/build
"ConformalSafetyTests" start time: Feb 28 20:27 EST
Output:
----------------------------------------------------------
Conformal safety tests
  conformal_quantile: q_0.1=2 q_0.9=0.1
  conformal_quantiles_per_mode: q_A=0.6 q_B=3
  boundary_scores: s_m1=1.1 s_m2=2.5
  allocate_scenarios: rare=8 common=2
All conformal safety tests passed.
<end of output>
Test time =   0.01 sec
----------------------------------------------------------
Test Passed.
"ConformalSafetyTests" end time: Feb 28 20:27 EST
"ConformalSafetyTests" time elapsed: 00:00:00
----------------------------------------------------------

9/15 Testing: HazardSwitchSamplingTests
9/15 Test: HazardSwitchSamplingTests
Command: "/home/stephen/PyMPC/cpp_mpc/build/test_hazard_switch_sampling"
Directory: /home/stephen/PyMPC/cpp_mpc/build
"HazardSwitchSamplingTests" start time: Feb 28 20:27 EST
Output:
----------------------------------------------------------
Hazard reweight: A=0.511822 B=0.488178; alloc A=6 B=4
All hazard switch sampling tests passed.
<end of output>
Test time =   0.01 sec
----------------------------------------------------------
Test Passed.
"HazardSwitchSamplingTests" end time: Feb 28 20:27 EST
"HazardSwitchSamplingTests" time elapsed: 00:00:00
----------------------------------------------------------

10/15 Testing: RiskDirectedBanditTests
10/15 Test: RiskDirectedBanditTests
Command: "/home/stephen/PyMPC/cpp_mpc/build/test_risk_directed_bandit"
Directory: /home/stephen/PyMPC/cpp_mpc/build
"RiskDirectedBanditTests" start time: Feb 28 20:27 EST
Output:
----------------------------------------------------------
UCB A=0.598625 B=1.59863; alloc A=2 B=6
All risk-directed bandit tests passed.
<end of output>
Test time =   0.01 sec
----------------------------------------------------------
Test Passed.
"RiskDirectedBanditTests" end time: Feb 28 20:27 EST
"RiskDirectedBanditTests" time elapsed: 00:00:00
----------------------------------------------------------

11/15 Testing: AdaptiveDROShiftTests
11/15 Test: AdaptiveDROShiftTests
Command: "/home/stephen/PyMPC/cpp_mpc/build/test_adaptive_dro_shift"
Directory: /home/stephen/PyMPC/cpp_mpc/build
"AdaptiveDROShiftTests" start time: Feb 28 20:27 EST
Output:
----------------------------------------------------------
Adaptive DRO: rho_low=0.01 rho_high=0.51
All adaptive DRO shift tests passed.
<end of output>
Test time =   0.02 sec
----------------------------------------------------------
Test Passed.
"AdaptiveDROShiftTests" end time: Feb 28 20:27 EST
"AdaptiveDROShiftTests" time elapsed: 00:00:00
----------------------------------------------------------

12/15 Testing: DualRiskMonitorTests
12/15 Test: DualRiskMonitorTests
Command: "/home/stephen/PyMPC/cpp_mpc/build/test_dual_risk_monitor"
Directory: /home/stephen/PyMPC/cpp_mpc/build
"DualRiskMonitorTests" start time: Feb 28 20:27 EST
Output:
----------------------------------------------------------
Dual risk: r_loose=0.5 r_tight=0.689974
All dual risk monitor tests passed.
<end of output>
Test time =   0.01 sec
----------------------------------------------------------
Test Passed.
"DualRiskMonitorTests" end time: Feb 28 20:27 EST
"DualRiskMonitorTests" time elapsed: 00:00:00
----------------------------------------------------------

13/15 Testing: CertificateFirstTests
13/15 Test: CertificateFirstTests
Command: "/home/stephen/PyMPC/cpp_mpc/build/test_certificate_first"
Directory: /home/stephen/PyMPC/cpp_mpc/build
"CertificateFirstTests" start time: Feb 28 20:27 EST
Output:
----------------------------------------------------------
Certificate-first tests passed.
<end of output>
Test time =   0.01 sec
----------------------------------------------------------
Test Passed.
"CertificateFirstTests" end time: Feb 28 20:27 EST
"CertificateFirstTests" time elapsed: 00:00:00
----------------------------------------------------------

14/15 Testing: ScenarioCompilerTests
14/15 Test: ScenarioCompilerTests
Command: "/home/stephen/PyMPC/cpp_mpc/build/test_scenario_compiler"
Directory: /home/stephen/PyMPC/cpp_mpc/build
"ScenarioCompilerTests" start time: Feb 28 20:27 EST
Output:
----------------------------------------------------------
Scenario compiler tests passed.
<end of output>
Test time =   0.01 sec
----------------------------------------------------------
Test Passed.
"ScenarioCompilerTests" end time: Feb 28 20:27 EST
"ScenarioCompilerTests" time elapsed: 00:00:00
----------------------------------------------------------

15/15 Testing: RuntimeAssuranceTests
15/15 Test: RuntimeAssuranceTests
Command: "/home/stephen/PyMPC/cpp_mpc/build/test_runtime_assurance"
Directory: /home/stephen/PyMPC/cpp_mpc/build
"RuntimeAssuranceTests" start time: Feb 28 20:27 EST
Output:
----------------------------------------------------------
Runtime assurance tests passed.
<end of output>
Test time =   0.01 sec
----------------------------------------------------------
Test Passed.
"RuntimeAssuranceTests" end time: Feb 28 20:27 EST
"RuntimeAssuranceTests" time elapsed: 00:00:00
----------------------------------------------------------

End testing: Feb 28 20:27 EST
